Arguments: 
  /usr/bin/node /usr/bin/yarn add konvajs

PATH: 
  /home/ale3andro/.local/bin:/usr/local/sbin:/usr/local/bin:/usr/sbin:/usr/bin:/sbin:/bin:/usr/games:/usr/local/games:/snap/bin

Yarn version: 
  1.22.10

Node version: 
  14.19.0

Platform: 
  linux x64

Trace: 
  Error: https://registry.yarnpkg.com/konvajs: Not found
      at Request.params.callback [as _callback] (/usr/lib/node_modules/yarn/lib/cli.js:66988:18)
      at Request.self.callback (/usr/lib/node_modules/yarn/lib/cli.js:140662:22)
      at Request.emit (events.js:400:28)
      at Request.<anonymous> (/usr/lib/node_modules/yarn/lib/cli.js:141634:10)
      at Request.emit (events.js:400:28)
      at IncomingMessage.<anonymous> (/usr/lib/node_modules/yarn/lib/cli.js:141556:12)
      at Object.onceWrapper (events.js:519:28)
      at IncomingMessage.emit (events.js:412:35)
      at endReadableNT (internal/streams/readable.js:1334:12)
      at processTicksAndRejections (internal/process/task_queues.js:82:21)

npm manifest: 
  {
    "name": "alx_tuxbot",
    "version": "1.0.0",
    "description": "Tuxbot emulator",
    "main": "index.html",
    "repository": "git@github.com:ale3andro/alx_tuxbot.git",
    "author": "ale3andro <ale3andro@gmail.com>",
    "license": "GNU",
    "dependencies": {
      "phaser": "2.5.0"
    }
  }

yarn manifest: 
  No manifest

Lockfile: 
  # THIS IS AN AUTOGENERATED FILE. DO NOT EDIT THIS FILE DIRECTLY.
  # yarn lockfile v1
  
  
  phaser@2.5.0:
    version "2.5.0"
    resolved "https://registry.yarnpkg.com/phaser/-/phaser-2.5.0.tgz#5773e615f4b0447822d6fcc1f731ba068d4ac196"
    integrity sha1-V3PmFfSwRHgi1vzB9zG6Bo1KwZY=
